生成启动时间为 2018/2/2 16:39:56。
     1>项目“E:\Work\IISC_2017\mainwindow\mainwindow\mainwindow\mainwindow.vcxproj”在节点 2 上(build 个目标)。
     1>InitializeBuildStatus:
         正在创建“Debug\mainwindow.unsuccessfulbuild”，因为已指定“AlwaysCreate”。
       CustomBuild:
         所有输出均为最新。
       ClCompile:
         C:\Program Files (x86)\Microsoft Visual Studio 10.0\VC\bin\CL.exe /c /I.\GeneratedFiles /IC:\Qt\4.8.7\include /I.\GeneratedFiles\Debug /IC:\Qt\4.8.7\include\QtCore /IC:\Qt\4.8.7\include\QtGui /I.\ /Zi /nologo /W1 /WX- /Od /Oy- /D UNICODE /D WIN32 /D QT_CORE_LIB /D QT_GUI_LIB /Gm- /EHsc /MDd /GS /fp:precise /Zc:wchar_t- /Zc:forScope /Fo"Debug\\" /Fd"Debug\vc100.pdb" /Gd /TP /analyze- /errorReport:prompt compute.cpp
         compute.cpp
     1>compute.cpp : warning C4819: 该文件包含不能在当前代码页(936)中表示的字符。请将该文件保存为 Unicode 格式以防止数据丢失
         所有输出均为最新。
       Link:
         C:\Program Files (x86)\Microsoft Visual Studio 10.0\VC\bin\link.exe /ERRORREPORT:PROMPT /OUT:"E:\Work\IISC_2017\mainwindow\mainwindow\\mainwindow.exe" /NOLOGO /LIBPATH:C:\Qt\4.8.7\lib /LIBPATH:D:\software\opencv\build\x86\vc10\lib qtmaind.lib QtCored4.lib QtGuid4.lib opencv_highgui249d.lib opencv_imgproc249d.lib opencv_core249d.lib kernel32.lib user32.lib gdi32.lib winspool.lib comdlg32.lib advapi32.lib shell32.lib ole32.lib oleaut32.lib uuid.lib odbc32.lib odbccp32.lib /MANIFEST /ManifestFile:"Debug\mainwindow.exe.intermediate.manifest" /MANIFESTUAC:"level='asInvoker' uiAccess='false'" /DEBUG /PDB:"E:\Work\IISC_2017\mainwindow\mainwindow\mainwindow.pdb" /SUBSYSTEM:WINDOWS /TLBID:1 /DYNAMICBASE /NXCOMPAT /IMPLIB:"E:\Work\IISC_2017\mainwindow\mainwindow\mainwindow.lib" /MACHINE:X86 Debug\compute.obj
         Debug\moc_mainwindow.obj
         Debug\qrc_mainwindow.obj
         Debug\main.obj
         Debug\mainwindow.obj
         LINK : 没有找到 E:\Work\IISC_2017\mainwindow\mainwindow\\mainwindow.exe 或上一个增量链接没有生成它；正在执行完全链接
         mainwindow.vcxproj -> E:\Work\IISC_2017\mainwindow\mainwindow\mainwindow.exe
       Manifest:
         C:\Program Files (x86)\Microsoft SDKs\Windows\v7.0A\bin\mt.exe /nologo /verbose /outputresource:"E:\Work\IISC_2017\mainwindow\mainwindow\\mainwindow.exe;#1" /manifest Debug\mainwindow.exe.intermediate.manifest
       FinalizeBuildStatus:
         正在删除文件“Debug\mainwindow.unsuccessfulbuild”。
         正在对“Debug\mainwindow.lastbuildstate”执行 Touch 任务。
     1>已完成生成项目“E:\Work\IISC_2017\mainwindow\mainwindow\mainwindow\mainwindow.vcxproj”(build 个目标)的操作。

生成成功。

已用时间 00:00:09.33
